<?xml version="1.0" encoding="UTF-8"?>
<!-- Generated by org.testng.reporters.JUnitXMLReporter -->
<testsuite hostname="Admin-PC" ignored="0" name="Command line test" tests="2" failures="1" timestamp="12 May 2018 15:37:59 GMT" time="12.98" errors="0">
  <testcase name="setup" time="8.192" classname="TestNg.TestNg1.NaukriTest"/>
  <testcase name="test1" time="4.704" classname="TestNg.TestNg1.NaukriTest">
    <failure type="java.lang.NullPointerException">
      <![CDATA[java.lang.NullPointerExceptionat TestNg.TestNg1.NaukriTest.test1(NaukriTest.java:38)... Removed 34 stack frames]]>
    </failure>
  </testcase> <!-- test1 -->
</testsuite> <!-- Command line test -->
